<!DOCTYPE html PUBLIC "-//W3C//DTD XHTML 1.1//EN" "https://www.w3.org/TR/xhtml11/DTD/xhtml11.dtd">
<html xmlns="https://www.w3.org/1999/xhtml">
<head>
<meta http-equiv="content-type" content="text/html; charset=UTF-8"/>
<title>TestNG Report</title>
<style type="text/css">table {margin-bottom:10px;border-collapse:collapse;empty-cells:show}th,td {border:1px solid #009;padding:.25em .5em}th {vertical-align:bottom}td {vertical-align:top}table a {font-weight:bold}.stripe td {background-color: #E6EBF9}.num {text-align:right}.passedodd td {background-color: #3F3}.passedeven td {background-color: #0A0}.skippedodd td {background-color: #DDD}.skippedeven td {background-color: #CCC}.failedodd td,.attn {background-color: #F33}.failedeven td,.stripe .attn {background-color: #D00}.stacktrace {white-space:pre;font-family:monospace}.totop {font-size:85%;text-align:center;border-bottom:2px solid #000}.invisible {display:none}</style>
</head>
<body>
<table>
<tr><th>Test</th><th># Passed</th><th># Skipped</th><th># Retried</th><th># Failed</th><th>Time (ms)</th><th>Included Groups</th><th>Excluded Groups</th></tr>
<tr><th colspan="8">Money Transfer Project</th></tr>
<tr><td><a href="#t0">Money Transfer Tests</a></td><td class="num">2</td><td class="num">0</td><td class="num">0</td><td class="num attn">4</td><td class="num">32.447</td><td></td><td></td></tr>
</table>
<table id='summary'><thead><tr><th>Class</th><th>Method</th><th>Start</th><th>Time (ms)</th></tr></thead><tbody><tr><th colspan="4">Money Transfer Project</th></tr></tbody><tbody id="t0"><tr><th colspan="4">Money Transfer Tests &#8212; failed</th></tr><tr class="failedeven"><td rowspan="4">testRunners.runner</td><td><a href="#m0">runScenario</a></td><td rowspan="4">1739060607988</td><td rowspan="4">13706</td></tr><tr class="failedeven"><td><a href="#m1">runScenario</a></td></tr><tr class="failedeven"><td><a href="#m2">runScenario</a></td></tr><tr class="failedeven"><td><a href="#m3">runScenario</a></td></tr><tr><th colspan="4">Money Transfer Tests &#8212; passed</th></tr><tr class="passedeven"><td rowspan="2">testRunners.runner</td><td><a href="#m4">runScenario</a></td><td rowspan="2">1739060625257</td><td rowspan="2">3330</td></tr><tr class="passedeven"><td><a href="#m5">runScenario</a></td></tr></tbody>
</table>
<h2>Money Transfer Tests</h2><h3 id="m0">testRunners.runner#runScenario</h3><table class="result"><tr class="param"><th>Parameter #1</th><th>Parameter #2</th></tr><tr class="param stripe"><td>&quot;Money Transfer&quot;</td><td>&quot;Open Money Transfer Account&quot;</td></tr><tr><th colspan="2">Exception</th></tr><tr><td colspan="2"><div class="stacktrace">org.openqa.selenium.TimeoutException: Expected condition failed: waiting for presence of element located by: By.xpath: //div[.=&apos;Time: null&apos;]/following-sibling::div/div/div (tried for 10 second(s) with 500 milliseconds interval)
	at org.openqa.selenium.support.ui.WebDriverWait.timeoutException(WebDriverWait.java:84)
	at org.openqa.selenium.support.ui.FluentWait.until(FluentWait.java:228)
	at Util.ElementHelper.presenceElement(ElementHelper.java:24)
	at Util.ElementHelper.findElement(ElementHelper.java:27)
	at Util.ElementHelper.getText(ElementHelper.java:43)
	at Pages.AccountPage.compareAndCheckAccountWithTransferedMoney(AccountPage.java:66)
	at StepDefinitions.OpenMoneyTransferAccountStepDefinitions.compareTheAmountInTheTransactionInformationByDateWithTheAmountWeEnteredAndCheckTheAccuracyOfThe(OpenMoneyTransferAccountStepDefinitions.java:108)
	at ✽.Compare the amount in the transaction information by date with the amount we entered and check the accuracy of the &quot;0&quot;(file:///C:/Users/ceyda.akkaya/IdeaProjects/WebProjectBase/src/test/java/Features/OpenMoneyTransferAccount.feature:23)
Caused by: org.openqa.selenium.NoSuchElementException: no such element: Unable to locate element: {&quot;method&quot;:&quot;xpath&quot;,&quot;selector&quot;:&quot;//div[.=&apos;Time: null&apos;]/following-sibling::div/div/div&quot;}
  (Session info: chrome=132.0.6834.162)
For documentation on this error, please visit: https://www.selenium.dev/documentation/webdriver/troubleshooting/errors#no-such-element-exception
Build info: version: &apos;4.28.1&apos;, revision: &apos;73f5ad48a2&apos;
System info: os.name: &apos;Windows 11&apos;, os.arch: &apos;amd64&apos;, os.version: &apos;10.0&apos;, java.version: &apos;23.0.2&apos;
Driver info: org.openqa.selenium.chrome.ChromeDriver
Command: [d27766499f734475392b043d40c618cc, findElement {value=//div[.=&apos;Time: null&apos;]/following-sibling::div/div/div, using=xpath}]
Capabilities {acceptInsecureCerts: false, browserName: chrome, browserVersion: 132.0.6834.162, chrome: {chromedriverVersion: 132.0.6834.159 (2d77d3fc445..., userDataDir: C:\Users\CEYDA~1.AKK\AppDat...}, fedcm:accounts: true, goog:chromeOptions: {debuggerAddress: localhost:56514}, networkConnectionEnabled: false, pageLoadStrategy: normal, platformName: windows, proxy: Proxy(), se:cdp: ws://localhost:56514/devtoo..., se:cdpVersion: 132.0.6834.162, setWindowRect: true, strictFileInteractability: false, timeouts: {implicit: 0, pageLoad: 300000, script: 30000}, unhandledPromptBehavior: dismiss and notify, webauthn:extension:credBlob: true, webauthn:extension:largeBlob: true, webauthn:extension:minPinLength: true, webauthn:extension:prf: true, webauthn:virtualAuthenticators: true}
Session ID: d27766499f734475392b043d40c618cc
	at org.openqa.selenium.remote.ErrorCodec.decode(ErrorCodec.java:167)
	at org.openqa.selenium.remote.codec.w3c.W3CHttpResponseCodec.decode(W3CHttpResponseCodec.java:138)
	at org.openqa.selenium.remote.codec.w3c.W3CHttpResponseCodec.decode(W3CHttpResponseCodec.java:50)
	at org.openqa.selenium.remote.HttpCommandExecutor.execute(HttpCommandExecutor.java:215)
	at org.openqa.selenium.remote.service.DriverCommandExecutor.invokeExecute(DriverCommandExecutor.java:216)
	at org.openqa.selenium.remote.service.DriverCommandExecutor.execute(DriverCommandExecutor.java:174)
	at org.openqa.selenium.remote.RemoteWebDriver.execute(RemoteWebDriver.java:545)
	at org.openqa.selenium.remote.ElementLocation$ElementFinder$2.findElement(ElementLocation.java:165)
	at org.openqa.selenium.remote.ElementLocation.findElement(ElementLocation.java:59)
	at org.openqa.selenium.remote.RemoteWebDriver.findElement(RemoteWebDriver.java:368)
	at org.openqa.selenium.remote.RemoteWebDriver.findElement(RemoteWebDriver.java:362)
	at org.openqa.selenium.support.ui.ExpectedConditions$6.apply(ExpectedConditions.java:171)
	at org.openqa.selenium.support.ui.ExpectedConditions$6.apply(ExpectedConditions.java:168)
	at org.openqa.selenium.support.ui.FluentWait.until(FluentWait.java:203)
	... 6 more
... Removed 3 stack frames</div></td></tr></table><p class="totop"><a href="#summary">back to summary</a></p>
<h3 id="m1">testRunners.runner#runScenario</h3><table class="result"><tr class="param"><th>Parameter #1</th><th>Parameter #2</th></tr><tr class="param stripe"><td>&quot;Add Money&quot;</td><td>&quot;Open Money Transfer Account&quot;</td></tr><tr><th colspan="2">Exception</th></tr><tr><td colspan="2"><div class="stacktrace">java.lang.AssertionError: expected [9998654.0] but found [9998655.0]
	at Pages.AccountPage.compareAndCheckAccountWithAddedMoneyInMyAccount(AccountPage.java:111)
	at StepDefinitions.OpenMoneyTransferAccountStepDefinitions.comparePreviousMyAccountsAmountAndCurrentMyAccountsAmountAndCheckThatAddedIsTrue(OpenMoneyTransferAccountStepDefinitions.java:174)
	at ✽.Compare previous My Accounts amount and current My Accounts amount and check that added &quot;1&quot; is true(file:///C:/Users/ceyda.akkaya/IdeaProjects/WebProjectBase/src/test/java/Features/OpenMoneyTransferAccount.feature:47)
... Removed 4 stack frames</div></td></tr></table><p class="totop"><a href="#summary">back to summary</a></p>
<h3 id="m2">testRunners.runner#runScenario</h3><table class="result"><tr class="param"><th>Parameter #1</th><th>Parameter #2</th></tr><tr class="param stripe"><td>&quot;Money Transfer&quot;</td><td>&quot;Open Money Transfer Account&quot;</td></tr><tr><th colspan="2">Exception</th></tr><tr><td colspan="2"><div class="stacktrace">java.lang.AssertionError: expected [9998654.0] but found [9998554.0]
	at Pages.AccountPage.compareAndCheckAccountWithTransferedMoneyInMyAccount(AccountPage.java:82)
	at StepDefinitions.OpenMoneyTransferAccountStepDefinitions.comparePreviousMyAccountsAmountAndCurrentMyAccountsAmountAndCheckThatIsTrue(OpenMoneyTransferAccountStepDefinitions.java:102)
	at ✽.Compare previous My Accounts amount and current My Accounts amount and check that &quot;100&quot; is true(file:///C:/Users/ceyda.akkaya/IdeaProjects/WebProjectBase/src/test/java/Features/OpenMoneyTransferAccount.feature:22)
... Removed 4 stack frames</div></td></tr></table><p class="totop"><a href="#summary">back to summary</a></p>
<h3 id="m3">testRunners.runner#runScenario</h3><table class="result"><tr class="param"><th>Parameter #1</th><th>Parameter #2</th></tr><tr class="param stripe"><td>&quot;Add Money&quot;</td><td>&quot;Open Money Transfer Account&quot;</td></tr><tr><th colspan="2">Exception</th></tr><tr><td colspan="2"><div class="stacktrace">java.lang.AssertionError: expected [9998654.0] but found [9998755.0]
	at Pages.AccountPage.compareAndCheckAccountWithAddedMoneyInMyAccount(AccountPage.java:111)
	at StepDefinitions.OpenMoneyTransferAccountStepDefinitions.comparePreviousMyAccountsAmountAndCurrentMyAccountsAmountAndCheckThatAddedIsTrue(OpenMoneyTransferAccountStepDefinitions.java:174)
	at ✽.Compare previous My Accounts amount and current My Accounts amount and check that added &quot;101&quot; is true(file:///C:/Users/ceyda.akkaya/IdeaProjects/WebProjectBase/src/test/java/Features/OpenMoneyTransferAccount.feature:47)
... Removed 4 stack frames</div></td></tr></table><p class="totop"><a href="#summary">back to summary</a></p>
<h3 id="m4">testRunners.runner#runScenario</h3><table class="result"><tr class="param"><th>Parameter #1</th><th>Parameter #2</th></tr><tr class="param stripe"><td>&quot;Edit Account&quot;</td><td>&quot;Open Money Transfer Account&quot;</td></tr></table><p class="totop"><a href="#summary">back to summary</a></p>
<h3 id="m5">testRunners.runner#runScenario</h3><table class="result"><tr class="param"><th>Parameter #1</th><th>Parameter #2</th></tr><tr class="param stripe"><td>&quot;Successfully log in to money transfer&quot;</td><td>&quot;Open Money Transfer Account&quot;</td></tr></table><p class="totop"><a href="#summary">back to summary</a></p>
</body>
</html>
